[097月2022 00:01:54.423] [Server thread/INFO] [net.minecraft.server.dedicated.DedicatedServer/]: Inkn was blown up by Creeper
[097月2022 00:02:04.174] [Server thread/INFO] [net.minecraftforge.common.AdvancementLoadFix/]: Using new advancement loading for net.minecraft.server.PlayerAdvancements@d119378
[097月2022 00:02:04.176] [Server thread/INFO] [net.minecraft.server.players.PlayerList/]: LeviathanHansen[/127.0.0.1:61480] logged in with entity id 11378 at (60.5, 72.0, 7.5)
[097月2022 00:02:04.179] [Server thread/INFO] [net.minecraft.server.dedicated.DedicatedServer/]: LeviathanHansen joined the game
[097月2022 00:03:09.754] [Server thread/INFO] [net.minecraft.server.dedicated.DedicatedServer/]: <lumang> woye yao xiakuang le
[097月2022 00:03:34.149] [Server thread/INFO] [net.minecraft.server.dedicated.DedicatedServer/]: <LeviathanHansen> yu yin liao
[097月2022 00:04:14.378] [Server thread/INFO] [net.minecraft.server.dedicated.DedicatedServer/]: Inkn has made the advancement [Diamonds!]
[097月2022 00:05:09.477] [Server thread/INFO] [net.minecraft.server.dedicated.DedicatedServer/]: lumang fell from a high place
[097月2022 00:05:09.555] [Server thread/INFO] [net.minecraft.server.dedicated.DedicatedServer/]: <Inkn> ni men ye mei ren shuo hua a
[097月2022 00:06:19.574] [Server thread/INFO] [net.minecraft.server.dedicated.DedicatedServer/]: Inkn was slain by Spider
[097月2022 00:06:34.291] [Server thread/INFO] [net.minecraft.server.dedicated.DedicatedServer/]: <Inkn> ta bu zai ting
[097月2022 00:06:37.765] [Server thread/INFO] [net.minecraft.server.dedicated.DedicatedServer/]: <Inkn> ta guan er ji le
[097月2022 00:06:53.149] [Server thread/INFO] [net.minecraft.server.dedicated.DedicatedServer/]: Inkn has made the advancement [Suit Up]
[097月2022 00:09:02.878] [Server thread/INFO] [net.minecraft.server.dedicated.DedicatedServer/]: LeviathanHansen was slain by lumang
[097月2022 00:09:37.328] [Server thread/INFO] [net.minecraft.server.dedicated.DedicatedServer/]: LeviathanHansen has made the advancement [Stone Age]
[097月2022 00:09:43.084] [Server thread/INFO] [net.minecraft.server.dedicated.DedicatedServer/]: LeviathanHansen has made the advancement [Getting an Upgrade]
[097月2022 00:10:04.526] [Server thread/INFO] [net.minecraft.server.dedicated.DedicatedServer/]: Inkn has made the advancement [Not Today, Thank You]
[097月2022 00:10:13.807] [Server thread/INFO] [net.minecraft.server.dedicated.DedicatedServer/]: <Inkn> 会随机刷的
[097月2022 00:10:17.328] [Server thread/INFO] [net.minecraft.server.dedicated.DedicatedServer/]: lumang was doomed to fall by Pillager
[097月2022 00:10:57.228] [Server thread/INFO] [net.minecraft.server.dedicated.DedicatedServer/]: lumang has made the advancement [Voluntary Exile]
[097月2022 00:11:07.425] [Server thread/INFO] [net.minecraft.server.dedicated.DedicatedServer/]: LeviathanHansen fell from a high place
[097月2022 00:11:45.325] [Server thread/INFO] [net.minecraft.server.dedicated.DedicatedServer/]: lumang fell from a high place
[097月2022 00:12:20.086] [Server thread/INFO] [net.minecraft.server.dedicated.DedicatedServer/]: <Inkn> 斧头伤害高
[097月2022 00:12:37.403] [Server thread/INFO] [net.minecraft.server.dedicated.DedicatedServer/]: <Inkn> 对的
[097月2022 00:12:45.375] [Server thread/INFO] [net.minecraft.server.dedicated.DedicatedServer/]: <Inkn> 木斧是厉害的
[097月2022 00:12:57.929] [Server thread/INFO] [net.minecraft.server.dedicated.DedicatedServer/]: LeviathanHansen has made the advancement [Monster Hunter]
[097月2022 00:13:10.626] [Server thread/INFO] [net.minecraft.server.dedicated.DedicatedServer/]: lumang was shot by Skeleton
[097月2022 00:13:19.352] [Server thread/INFO] [net.minecraft.server.dedicated.DedicatedServer/]: [lumang: Teleported lumang to LeviathanHansen]
[097月2022 00:13:21.826] [Server thread/INFO] [net.minecraft.server.dedicated.DedicatedServer/]: LeviathanHansen was slain by lumang
[097月2022 00:14:26.278] [Server thread/INFO] [net.minecraft.server.dedicated.DedicatedServer/]: LeviathanHansen fell out of the world
[097月2022 00:14:26.279] [Server thread/INFO] [net.minecraft.server.dedicated.DedicatedServer/]: [lumang: Killed LeviathanHansen]
[097月2022 00:15:00.912] [Server thread/INFO] [net.minecraft.server.dedicated.DedicatedServer/]: <Inkn> -205 -19 181
[097月2022 00:15:03.696] [Server thread/INFO] [net.minecraft.server.dedicated.DedicatedServer/]: Inkn fell out of the world
[097月2022 00:15:03.696] [Server thread/INFO] [net.minecraft.server.dedicated.DedicatedServer/]: [Inkn: Killed Inkn]
[097月2022 00:15:21.167] [Server thread/INFO] [net.minecraft.server.dedicated.DedicatedServer/]: [Inkn: Teleported Inkn to -204.500000, -19.000000, 181.500000]
[097月2022 00:15:28.566] [Server thread/INFO] [net.minecraft.server.dedicated.DedicatedServer/]: <Inkn> 很大
[097月2022 00:15:37.266] [Server thread/INFO] [net.minecraft.server.dedicated.DedicatedServer/]: <Inkn> 可能是同一个
[097月2022 00:15:47.931] [Server thread/INFO] [net.minecraft.server.dedicated.DedicatedServer/]: <Inkn> 那应该不是
[097月2022 00:15:50.945] [Server thread/INFO] [net.minecraft.server.dedicated.DedicatedServer/]: <Inkn> 你可以tp我看一下大小
[097月2022 00:15:59.675] [Server thread/INFO] [net.minecraft.server.dedicated.DedicatedServer/]: LeviathanHansen was slain by Zombie Villager
[097月2022 00:16:00.685] [Server thread/INFO] [net.minecraft.server.dedicated.DedicatedServer/]: [lumang: Teleported lumang to Inkn]
[097月2022 00:16:00.704] [Server thread/WARN] [net.minecraft.server.network.ServerGamePacketListenerImpl/]: lumang moved too quickly! -229.98015594990878,-53.0,45.884371158113964
[097月2022 00:16:39.129] [Server thread/INFO] [net.minecraft.server.dedicated.DedicatedServer/]: lumang was shot by Skeleton
[097月2022 00:17:34.878] [Server thread/INFO] [net.minecraft.server.dedicated.DedicatedServer/]: Inkn was shot by Skeleton
[097月2022 00:17:40.301] [Server thread/INFO] [net.minecraft.server.dedicated.DedicatedServer/]: <Inkn> 你可以tp我看一下大小
[097月2022 00:17:44.581] [Server thread/INFO] [net.minecraft.server.dedicated.DedicatedServer/]: <Inkn> 发错了
[097月2022 00:17:46.937] [Server thread/INFO] [net.minecraft.server.dedicated.DedicatedServer/]: [Inkn: Teleported Inkn to -204.500000, -19.000000, 181.500000]
[097月2022 00:17:50.729] [Server thread/INFO] [net.minecraft.server.dedicated.DedicatedServer/]: lumang has made the advancement [Suit Up]
[097月2022 00:19:48.526] [Server thread/INFO] [net.minecraft.server.dedicated.DedicatedServer/]: [lumang: Teleported lumang to LeviathanHansen]
[097月2022 00:19:48.547] [Server thread/WARN] [net.minecraft.server.network.ServerGamePacketListenerImpl/]: lumang moved too quickly! -69.11655717596669,-55.0,50.48035479150248
[097月2022 00:20:19.376] [Server thread/INFO] [net.minecraft.server.dedicated.DedicatedServer/]: LeviathanHansen was shot by Skeleton
[097月2022 00:20:21.263] [Server thread/WARN] [net.minecraft.server.network.ServerGamePacketListenerImpl/]: LeviathanHansen moved too quickly! 31.7324043368478,57.0,-185.9165244530051
[097月2022 00:20:50.946] [Server thread/INFO] [net.minecraft.server.dedicated.DedicatedServer/]: <Inkn> you ke neng
[097月2022 00:22:06.878] [Server thread/INFO] [net.minecraft.server.dedicated.DedicatedServer/]: Inkn was shot by Skeleton
[097月2022 00:22:10.046] [Server thread/INFO] [net.minecraft.server.dedicated.DedicatedServer/]: LeviathanHansen has made the advancement [Acquire Hardware]
[097月2022 00:22:24.627] [Server thread/INFO] [net.minecraft.server.dedicated.DedicatedServer/]: LeviathanHansen has made the advancement [Isn't It Iron Pick]
[097月2022 00:23:00.503] [Server thread/INFO] [net.minecraft.server.dedicated.DedicatedServer/]: [Inkn: Teleported Inkn to -204.500000, -19.000000, 181.500000]
[097月2022 00:24:26.467] [Server thread/INFO] [net.minecraft.server.dedicated.DedicatedServer/]: LeviathanHansen has made the advancement [Suit Up]
[097月2022 00:25:29.218] [Server thread/INFO] [net.minecraft.server.dedicated.DedicatedServer/]: <Inkn> 我不是
[097月2022 00:25:30.381] [Server thread/INFO] [net.minecraft.server.dedicated.DedicatedServer/]: <Inkn> 我没有
[097月2022 00:25:39.137] [Server thread/INFO] [net.minecraft.server.dedicated.DedicatedServer/]: Inkn fell from a high place
[097月2022 00:26:15.254] [Server thread/INFO] [net.minecraft.server.dedicated.DedicatedServer/]: [Inkn: Teleported Inkn to -204.500000, -19.000000, 181.500000]
[097月2022 00:26:26.628] [Server thread/INFO] [net.minecraft.server.dedicated.DedicatedServer/]: LeviathanHansen was shot by Skeleton
[097月2022 00:27:03.728] [Server thread/INFO] [net.minecraft.server.dedicated.DedicatedServer/]: Inkn was shot by Skeleton
[097月2022 00:27:11.848] [Server thread/INFO] [net.minecraft.server.dedicated.DedicatedServer/]: [Inkn: Teleported Inkn to -204.500000, -19.000000, 181.500000]
[097月2022 00:27:22.479] [Server thread/INFO] [net.minecraft.server.dedicated.DedicatedServer/]: <Inkn> 现在是
[097月2022 00:28:03.394] [Server thread/INFO] [net.minecraft.server.dedicated.DedicatedServer/]: <lumang> zyc haizaime
[097月2022 00:28:41.216] [Server thread/INFO] [net.minecraft.server.dedicated.DedicatedServer/]: LeviathanHansen has made the advancement [A Seedy Place]
[097月2022 00:29:06.778] [Server thread/INFO] [net.minecraft.server.dedicated.DedicatedServer/]: Inkn was shot by Skeleton
[097月2022 00:29:15.277] [Server thread/INFO] [net.minecraft.server.dedicated.DedicatedServer/]: [Inkn: Teleported Inkn to -204.500000, -19.000000, 181.500000]
[097月2022 00:31:21.181] [Server thread/INFO] [net.minecraft.server.dedicated.DedicatedServer/]: Inkn tried to swim in lava
[097月2022 00:31:35.551] [Server thread/INFO] [net.minecraft.server.dedicated.DedicatedServer/]: <Inkn> haoba
[097月2022 00:31:45.415] [Server thread/INFO] [net.minecraft.server.dedicated.DedicatedServer/]: <Inkn> 5
[097月2022 00:31:49.830] [Server thread/INFO] [net.minecraft.server.dedicated.DedicatedServer/]: Inkn has made the advancement [Cover Me with Diamonds]
[097月2022 00:32:02.879] [Server thread/INFO] [net.minecraft.server.dedicated.DedicatedServer/]: [lumang: Teleported lumang to LeviathanHansen]
[097月2022 00:32:02.898] [Server thread/WARN] [net.minecraft.server.network.ServerGamePacketListenerImpl/]: lumang moved too quickly! -0.7538106113406968,93.0,-263.7528409042561
[097月2022 00:32:29.965] [Server thread/INFO] [net.minecraft.server.dedicated.DedicatedServer/]: [Inkn: Teleported Inkn to -204.500000, -19.000000, 181.500000]
[097月2022 00:32:55.626] [Server thread/INFO] [net.minecraft.server.dedicated.DedicatedServer/]: lumang has made the advancement [Diamonds!]
[097月2022 00:34:01.608] [Server thread/INFO] [net.minecraft.server.dedicated.DedicatedServer/]: <Inkn> 我回来
[097月2022 00:34:16.778] [Server thread/INFO] [net.minecraft.server.dedicated.DedicatedServer/]: <Inkn> 等一下
[097月2022 00:35:03.829] [Server thread/INFO] [net.minecraft.server.dedicated.DedicatedServer/]: Inkn has made the advancement [Ice Bucket Challenge]
[097月2022 00:35:16.139] [Server thread/INFO] [net.minecraft.server.dedicated.DedicatedServer/]: [Inkn: Teleported Inkn to lumang]
[097月2022 00:35:23.682] [Server thread/INFO] [net.minecraft.server.dedicated.DedicatedServer/]: Inkn has made the advancement [Sweet Dreams]
[097月2022 00:35:28.264] [Server thread/INFO] [net.minecraft.server.dedicated.DedicatedServer/]: LeviathanHansen has made the advancement [Sweet Dreams]
[097月2022 00:39:17.595] [Server thread/INFO] [net.minecraft.server.dedicated.DedicatedServer/]: [Inkn: Teleported Inkn to lumang]
[097月2022 00:41:48.413] [Server thread/INFO] [net.minecraft.server.dedicated.DedicatedServer/]: LeviathanHansen fell from a high place
[097月2022 00:44:13.478] [Server thread/INFO] [net.minecraft.server.dedicated.DedicatedServer/]: LeviathanHansen was slain by Zombie
[097月2022 00:44:20.817] [Server thread/INFO] [net.minecraft.server.dedicated.DedicatedServer/]: <Inkn> 你走过的路上漏了好多钻石
[097月2022 00:44:59.651] [Server thread/INFO] [net.minecraft.server.dedicated.DedicatedServer/]: [Inkn: Teleported Inkn to lumang]
[097月2022 00:45:05.294] [Server thread/INFO] [net.minecraft.server.dedicated.DedicatedServer/]: <Inkn> 啥
[097月2022 00:45:12.006] [Server thread/INFO] [net.minecraft.server.dedicated.DedicatedServer/]: <Inkn> 挖啥
[097月2022 00:45:33.937] [Server thread/INFO] [net.minecraft.server.dedicated.DedicatedServer/]: Inkn fell out of the world
[097月2022 00:45:33.938] [Server thread/INFO] [net.minecraft.server.dedicated.DedicatedServer/]: [Inkn: Killed Inkn]
[097月2022 00:46:21.043] [Server thread/INFO] [net.minecraft.server.dedicated.DedicatedServer/]: <Inkn> 这抽屉怎么用啊
[097月2022 00:46:26.580] [Server thread/INFO] [net.minecraft.server.dedicated.DedicatedServer/]: Inkn has reached the goal [The Andesite Age]
[097月2022 00:46:37.501] [Server thread/INFO] [net.minecraft.server.dedicated.DedicatedServer/]: <Inkn> oo
[097月2022 00:46:50.589] [Server thread/INFO] [net.minecraft.server.dedicated.DedicatedServer/]: <Inkn> ok
[097月2022 00:47:49.610] [Server thread/INFO] [net.minecraft.server.dedicated.DedicatedServer/]: LeviathanHansen was doomed to fall by Creeper
[097月2022 00:47:50.433] [Server thread/INFO] [net.minecraft.server.dedicated.DedicatedServer/]: [lumang: Teleported lumang to LeviathanHansen]
[097月2022 00:47:50.457] [Server thread/WARN] [net.minecraft.server.network.ServerGamePacketListenerImpl/]: lumang moved too quickly! -154.1497623517221,17.0,-45.58904445948326
[097月2022 00:47:59.628] [Server thread/INFO] [net.minecraft.server.dedicated.DedicatedServer/]: [lumang: Teleported lumang to Inkn]
[097月2022 00:47:59.657] [Server thread/WARN] [net.minecraft.server.network.ServerGamePacketListenerImpl/]: lumang moved too quickly! -1.3189361183180779,78.41999998688698,-238.46042738232978
[097月2022 00:48:59.023] [Server thread/INFO] [net.minecraft.server.network.ServerGamePacketListenerImpl/]: lumang lost connection: Disconnected
[097月2022 00:48:59.023] [Server thread/INFO] [net.minecraft.server.dedicated.DedicatedServer/]: lumang left the game
[097月2022 00:49:28.028] [Server thread/INFO] [net.minecraft.server.dedicated.DedicatedServer/]: <Inkn> ok
[097月2022 00:49:32.632] [Server thread/INFO] [net.minecraft.server.dedicated.DedicatedServer/]: <Inkn> baibai
[097月2022 00:49:34.373] [Server thread/INFO] [net.minecraft.server.network.ServerGamePacketListenerImpl/]: LeviathanHansen lost connection: Disconnected
[097月2022 00:49:34.373] [Server thread/INFO] [net.minecraft.server.dedicated.DedicatedServer/]: LeviathanHansen left the game
[097月2022 00:57:39.721] [Server thread/INFO] [net.minecraft.server.network.ServerGamePacketListenerImpl/]: Inkn lost connection: Disconnected
[097月2022 00:57:39.721] [Server thread/INFO] [net.minecraft.server.dedicated.DedicatedServer/]: Inkn left the game
[097月2022 06:37:26.335] [Server thread/INFO] [net.minecraftforge.common.AdvancementLoadFix/]: Using new advancement loading for net.minecraft.server.PlayerAdvancements@7e7adbb8
[097月2022 06:37:26.338] [Server thread/INFO] [net.minecraft.server.players.PlayerList/]: Inkn[/127.0.0.1:55634] logged in with entity id 31568 at (109.01229064903164, 69.0, 44.897737942272386)
[097月2022 06:37:26.342] [Server thread/INFO] [net.minecraft.server.dedicated.DedicatedServer/]: Inkn joined the game
[097月2022 06:48:26.406] [Server thread/INFO] [net.minecraft.server.dedicated.DedicatedServer/]: Inkn has made the advancement [We Need to Go Deeper]
[097月2022 06:57:18.489] [Server thread/INFO] [net.minecraft.server.dedicated.DedicatedServer/]: Inkn has made the advancement [Press Goes 'Bonk!']
[097月2022 06:58:10.608] [Server thread/INFO] [net.minecraft.server.dedicated.DedicatedServer/]: [Inkn: Gamerule keepInventory is now set to: true]
[097月2022 06:59:31.287] [Server thread/INFO] [net.minecraft.server.dedicated.DedicatedServer/]: Inkn burned to death
[097月2022 06:59:54.527] [Server thread/INFO] [net.minecraft.server.dedicated.DedicatedServer/]: [Inkn: Teleported Inkn to 304.500000, 76.000000, 208.500000]
[097月2022 06:59:59.237] [Server thread/INFO] [net.minecraft.server.dedicated.DedicatedServer/]: Inkn has made the advancement [A Terrible Fortress]
[097月2022 07:01:55.561] [Server thread/INFO] [net.minecraft.server.dedicated.DedicatedServer/]: Inkn fell out of the world
[097月2022 07:01:55.561] [Server thread/INFO] [net.minecraft.server.dedicated.DedicatedServer/]: [Inkn: Killed Inkn]
[097月2022 07:02:08.087] [Server thread/WARN] [net.minecraft.server.level.ServerPlayerGameMode/]: Mismatch in destroy block pos: BlockPos{x=117, y=71, z=58} BlockPos{x=116, y=69, z=59}
[097月2022 07:02:08.148] [Server thread/WARN] [net.minecraft.server.level.ServerPlayerGameMode/]: Mismatch in destroy block pos: BlockPos{x=117, y=71, z=58} BlockPos{x=116, y=69, z=59}
[097月2022 07:09:10.480] [Server thread/INFO] [net.minecraft.server.dedicated.DedicatedServer/]: Inkn fell out of the world
[097月2022 07:09:10.481] [Server thread/INFO] [net.minecraft.server.dedicated.DedicatedServer/]: [Inkn: Killed Inkn]
[097月2022 07:18:01.487] [Server thread/INFO] [net.minecraft.server.dedicated.DedicatedServer/]: Inkn has reached the goal [Overstressed]
[097月2022 07:22:04.755] [Server thread/INFO] [net.minecraft.server.dedicated.DedicatedServer/]: Inkn fell out of the world
[097月2022 07:22:04.756] [Server thread/INFO] [net.minecraft.server.dedicated.DedicatedServer/]: [Inkn: Killed Inkn]
[097月2022 07:30:58.298] [Server thread/INFO] [net.minecraft.server.dedicated.DedicatedServer/]: [Inkn: Teleported Inkn to 304.500000, 76.000000, 208.500000]
[097月2022 07:31:20.988] [Server thread/INFO] [net.minecraft.server.dedicated.DedicatedServer/]: Inkn has made the advancement [Into Fire]
[097月2022 07:31:41.289] [Server thread/INFO] [net.minecraft.server.dedicated.DedicatedServer/]: Inkn didn't want to live in the same world as Blaze
[097月2022 07:31:41.289] [Server thread/INFO] [net.minecraft.server.dedicated.DedicatedServer/]: [Inkn: Killed Inkn]
[097月2022 07:32:46.486] [Server thread/INFO] [net.minecraft.server.dedicated.DedicatedServer/]: Inkn has made the advancement [Mixin' It Up]
[097月2022 07:33:54.747] [Server thread/INFO] [net.minecraft.server.dedicated.DedicatedServer/]: Inkn has reached the goal [The Brass Age]
[097月2022 07:34:07.006] [Server thread/INFO] [net.minecraft.server.dedicated.DedicatedServer/]: Inkn has made the advancement [Automated Assembly]
[097月2022 07:49:01.485] [Server thread/INFO] [net.minecraft.server.network.ServerGamePacketListenerImpl/]: Inkn lost connection: Disconnected
[097月2022 07:49:01.486] [Server thread/INFO] [net.minecraft.server.dedicated.DedicatedServer/]: Inkn left the game
[097月2022 08:32:43.782] [Server thread/INFO] [net.minecraft.server.dedicated.DedicatedServer/]: Stopping the server
[097月2022 08:32:43.831] [Server thread/INFO] [net.minecraft.server.MinecraftServer/]: Stopping server
[097月2022 08:32:43.832] [Server thread/INFO] [net.minecraft.server.MinecraftServer/]: Saving players
[097月2022 08:32:43.832] [Server thread/INFO] [net.minecraft.server.MinecraftServer/]: Saving worlds
[097月2022 08:32:44.978] [Server thread/INFO] [net.minecraft.server.MinecraftServer/]: Saving chunks for level 'ServerLevel[world]'/minecraft:overworld
[097月2022 08:32:45.021] [Server thread/INFO] [net.minecraft.server.MinecraftServer/]: Saving chunks for level 'ServerLevel[world]'/minecraft:the_nether
[097月2022 08:32:45.034] [Server thread/INFO] [net.minecraft.server.MinecraftServer/]: Saving chunks for level 'ServerLevel[world]'/minecraft:the_end
[097月2022 08:32:45.048] [Server thread/INFO] [net.minecraft.server.MinecraftServer/]: ThreadedAnvilChunkStorage (world): All chunks are saved
[097月2022 08:32:45.048] [Server thread/INFO] [net.minecraft.server.MinecraftServer/]: ThreadedAnvilChunkStorage (DIM-1): All chunks are saved
[097月2022 08:32:45.048] [Server thread/INFO] [net.minecraft.server.MinecraftServer/]: ThreadedAnvilChunkStorage (DIM1): All chunks are saved
[097月2022 08:32:45.048] [Server thread/INFO] [net.minecraft.server.MinecraftServer/]: ThreadedAnvilChunkStorage: All dimensions are saved
